2023-09-20 10:51 info: [server]: Server is running at http://localhost:1111
2023-09-20 10:52 info: [server]: Server is running at http://localhost:1111
2023-09-22 13:15 info: [server]: Server is running at http://localhost:1111
2023-09-22 13:20 info: [server]: Server is running at http://localhost:1111
2023-09-22 13:20 info: [server]: Server is running at http://localhost:1111
2023-09-22 13:23 info: [server]: Server is running at http://localhost:1111
2023-09-22 13:35 info: [server]: Server is running at http://localhost:1111
2023-09-22 13:35 info: [server]: Server is running at http://localhost:1111
2023-09-22 13:35 info: [server]: Server is running at http://localhost:1111
2023-09-22 13:35 info: [server]: Server is running at http://localhost:1111
2023-09-22 13:35 info: [server]: Server is running at http://localhost:1111
2023-09-22 13:36 info: [server]: Server is running at http://localhost:1111
2023-09-22 13:40 info: [server]: Server is running at http://localhost:1111
2023-09-22 13:40 info: [server]: Server is running at http://localhost:1111
2023-09-22 13:40 info: [server]: Server is running at http://localhost:1111
2023-09-22 13:45 info: [server]: Server is running at http://localhost:1111
2023-09-22 13:45 info: [server]: Server is running at http://localhost:1111
2023-09-22 14:05 info: [server]: Server is running at http://localhost:1111
2023-09-22 14:26 info: [server]: Server is running at http://localhost:1111
2023-09-22 14:26 info: [server]: Server is running at http://localhost:1111
2023-09-22 14:26 info: [server]: Server is running at http://localhost:1111
2023-09-22 14:26 info: [server]: Server is running at http://localhost:1111
2023-09-22 14:26 info: [server]: Server is running at http://localhost:1111
2023-09-22 14:26 info: [server]: Server is running at http://localhost:1111
2023-09-22 14:27 info: [server]: Server is running at http://localhost:1111
2023-09-22 14:27 info: [server]: Server is running at http://localhost:1111
2023-09-22 14:30 info: [server]: Server is running at http://localhost:1111
2023-09-22 14:30 info: [server]: Server is running at http://localhost:1111
2023-09-22 14:30 info: [server]: Server is running at http://localhost:1111
2023-09-22 14:30 info: [server]: Server is running at http://localhost:1111
2023-09-22 14:36 info: [server]: Server is running at http://localhost:1111
2023-09-22 14:36 info: [server]: Server is running at http://localhost:1111
2023-09-22 14:39 info: [server]: Server is running at http://localhost:1111
2023-09-22 14:39 info: [server]: Server is running at http://localhost:1111
2023-09-22 14:40 info: [server]: Server is running at http://localhost:1111
2023-09-22 14:40 info: [server]: Server is running at http://localhost:1111
2023-09-22 14:40 info: [server]: Server is running at http://localhost:1111
2023-09-22 14:40 info: [server]: Server is running at http://localhost:1111
2023-09-22 14:41 info: [server]: Server is running at http://localhost:1111
2023-09-22 14:41 info: [server]: Server is running at http://localhost:1111
2023-09-22 14:41 info: [server]: Server is running at http://localhost:1111
2023-09-22 14:41 info: [server]: Server is running at http://localhost:1111
2023-09-22 14:41 info: [server]: Server is running at http://localhost:1111
2023-09-22 14:41 info: [server]: Server is running at http://localhost:1111
2023-09-22 14:45 info: [server]: Server is running at http://localhost:1111
2023-09-22 14:45 info: [server]: Server is running at http://localhost:1111
2023-09-22 14:45 info: [server]: Server is running at http://localhost:1111
2023-09-22 14:45 info: [server]: Server is running at http://localhost:1111
2023-09-22 14:45 info: [server]: Server is running at http://localhost:1111
2023-09-22 14:45 info: [server]: Server is running at http://localhost:1111
2023-09-22 14:46 info: [server]: Server is running at http://localhost:1111
2023-09-22 14:46 info: [server]: Server is running at http://localhost:1111
2023-09-22 14:46 info: [server]: Server is running at http://localhost:1111
2023-09-22 14:48 info: [server]: Server is running at http://localhost:1111
2023-09-22 14:48 info: [server]: Server is running at http://localhost:1111
2023-09-22 14:48 info: [server]: Server is running at http://localhost:1111
2023-09-22 14:49 info: [server]: Server is running at http://localhost:1111
2023-09-22 14:49 info: [server]: Server is running at http://localhost:1111
2023-11-01 08:38 info: [server]: Server is running at http://localhost:1111
2023-11-01 08:44 info: [server]: Server is running at http://localhost:1111
2023-11-01 08:45 info: [server]: Server is running at http://localhost:1111
2023-11-01 08:46 info: [server]: Server is running at http://localhost:1111
2023-11-01 09:08 info: [server]: Server is running at http://localhost:1111
2023-11-01 09:11 info: [server]: Server is running at http://localhost:1111
2023-11-01 09:12 info: [server]: Server is running at http://localhost:1111
2023-11-01 09:40 info: [server]: Server is running at http://localhost:1111
2023-11-01 09:51 info: [server]: Server is running at http://localhost:1111
2023-11-01 10:00 info: [server]: Server is running at http://localhost:1111
2023-11-01 10:01 info: [server]: Server is running at http://localhost:1111
2023-11-01 10:02 info: [server]: Server is running at http://localhost:1111
2023-11-01 10:02 info: [server]: Server is running at http://localhost:1111
2023-11-01 10:03 info: [server]: Server is running at http://localhost:1111
2023-11-01 10:13 info: [server]: Server is running at http://localhost:1111
2023-11-01 10:17 info: [server]: Server is running at http://localhost:1111
2023-11-01 10:21 info: [server]: Server is running at http://localhost:1111
2023-11-01 10:21 info: [server]: Server is running at http://localhost:1111
2023-11-01 11:21 info: [server]: Server is running at http://localhost:1111
2023-11-10 13:31 info: [server]: Server is running at http://localhost:1111
2023-11-10 13:42 info: [server]: Server is running at http://localhost:1111
2023-11-10 13:44 info: IP ::1: compte créé avec succès: qyWmowNV7hYnkGwJpU66iriFJBq1
2023-11-10 13:50 info: ER_NO_SUCH_TABLE
2023-11-10 13:50 info: ER_NO_SUCH_TABLE
2023-11-10 13:50 info: [server]: Server is running at http://localhost:1111
2023-11-10 14:12 info: [server]: Server is running at http://localhost:1111
2023-11-10 14:14 info: [server]: Server is running at http://localhost:1111
2023-11-10 14:16 info: [server]: Server is running at http://localhost:1111
2023-11-10 14:22 info: [server]: Server is running at http://localhost:1111
2023-11-11 18:11 info: [server]: Server is running at http://localhost:1111
2023-11-11 18:14 info: [server]: Server is running at http://localhost:1111
2023-11-11 18:21 info: [server]: Server is running at http://localhost:1111
2023-11-11 19:13 info: [server]: Server is running at http://localhost:1111
2023-11-11 19:13 info: [server]: Server is running at http://localhost:1111
2023-11-11 19:13 info: [server]: Server is running at http://localhost:1111
2023-11-11 19:13 info: [server]: Server is running at http://localhost:1111
2023-11-11 19:13 info: [server]: Server is running at http://localhost:1111
2023-11-11 19:14 info: [server]: Server is running at http://localhost:1111
2023-11-11 19:14 info: [server]: Server is running at http://localhost:1111
2023-11-11 19:19 info: [server]: Server is running at http://localhost:1111
2023-11-11 19:20 info: [server]: Server is running at http://localhost:1111
2023-11-11 19:20 info: [server]: Server is running at http://localhost:1111
2023-11-11 19:21 info: [server]: Server is running at http://localhost:1111
2023-11-11 19:21 info: [server]: Server is running at http://localhost:1111
2023-11-11 21:12 info: [server]: Server is running at http://localhost:1111
2023-11-11 21:25 info: [server]: Server is running at http://localhost:1111
2023-11-15 08:12 info: [server]: Server is running at http://localhost:1111
2023-11-15 08:14 info: [server]: Server is running at http://localhost:1111
2023-11-15 08:16 info: ER_NO_SUCH_TABLE
2023-11-15 08:16 info: ER_NO_SUCH_TABLE
2023-11-15 08:16 info: ER_NO_SUCH_TABLE
2023-11-15 08:19 info: [server]: Server is running at http://localhost:1111
2023-11-15 08:20 info: ER_NO_SUCH_TABLE
2023-11-15 08:20 info: ER_NO_SUCH_TABLE
2023-11-15 08:25 info: [server]: Server is running at http://localhost:1111
2023-11-15 08:25 info: [server]: Server is running at http://localhost:1111
2023-11-15 08:26 info: [server]: Server is running at http://localhost:1111
2023-11-15 08:26 info: [server]: Server is running at http://localhost:1111
2023-11-15 08:26 info: [server]: Server is running at http://localhost:1111
2023-11-15 08:27 info: [server]: Server is running at http://localhost:1111
2023-11-15 08:27 info: [server]: Server is running at http://localhost:1111
2023-11-15 08:27 info: [server]: Server is running at http://localhost:1111
2023-11-15 08:27 info: [server]: Server is running at http://localhost:1111
2023-11-15 08:27 info: [server]: Server is running at http://localhost:1111
2023-11-15 08:27 info: [server]: Server is running at http://localhost:1111
2023-11-15 08:27 info: [server]: Server is running at http://localhost:1111
2023-11-15 08:27 info: [server]: Server is running at http://localhost:1111
2023-11-15 08:27 info: [server]: Server is running at http://localhost:1111
2023-11-15 08:27 info: [server]: Server is running at http://localhost:1111
2023-11-15 08:27 info: [server]: Server is running at http://localhost:1111
2023-11-15 08:27 info: [server]: Server is running at http://localhost:1111
2023-11-15 08:27 info: [server]: Server is running at http://localhost:1111
2023-11-15 08:28 info: [server]: Server is running at http://localhost:1111
2023-11-15 08:35 info: [server]: Server is running at http://localhost:1111
2023-11-15 08:37 info: [server]: Server is running at http://localhost:1111
2023-11-15 08:37 info: [server]: Server is running at http://localhost:1111
2023-11-15 09:28 info: [server]: Server is running at http://localhost:1111
2023-11-15 09:32 info: [server]: Server is running at http://localhost:1111
2023-11-15 09:36 info: [server]: Server is running at http://localhost:1111
2023-11-15 09:37 info: [server]: Server is running at http://localhost:1111
2023-11-15 09:38 info: [server]: Server is running at http://localhost:1111
2023-11-15 09:38 info: [server]: Server is running at http://localhost:1111
2023-11-15 09:58 info: [server]: Server is running at http://localhost:1111
2023-11-15 09:59 info: [server]: Server is running at http://localhost:1111
2023-11-15 09:59 info: IP ::1: compte créé avec succès: keOODbH2nnTyeC3DRyeIUAWVC4K3
2023-11-15 10:01 info: [server]: Server is running at http://localhost:1111
2023-11-15 10:04 info: [server]: Server is running at http://localhost:1111
2023-11-15 10:11 info: [server]: Server is running at http://localhost:1111
2023-11-15 10:13 info: [server]: Server is running at http://localhost:1111
2023-11-15 10:16 info: [server]: Server is running at http://localhost:1111
2023-11-15 10:46 info: [server]: Server is running at http://localhost:1111
2023-11-15 10:46 info: [server]: Server is running at http://localhost:1111
2023-11-15 10:46 info: [server]: Server is running at http://localhost:1111
2023-11-15 10:46 info: [server]: Server is running at http://localhost:1111
2023-11-15 10:49 info: [server]: Server is running at http://localhost:1111
2023-11-15 10:49 info: [server]: Server is running at http://localhost:1111
2023-11-15 10:49 info: [server]: Server is running at http://localhost:1111
2023-11-15 10:49 info: [server]: Server is running at http://localhost:1111
2023-11-15 10:49 info: [server]: Server is running at http://localhost:1111
2023-11-15 10:50 info: [server]: Server is running at http://localhost:1111
2023-11-15 10:59 info: [server]: Server is running at http://localhost:1111
2023-11-15 10:59 info: [server]: Server is running at http://localhost:1111
2023-11-15 10:59 info: [server]: Server is running at http://localhost:1111
2023-11-15 10:59 info: [server]: Server is running at http://localhost:1111
2023-11-15 10:59 info: [server]: Server is running at http://localhost:1111
2023-11-15 10:59 info: [server]: Server is running at http://localhost:1111
2023-11-15 10:59 info: [server]: Server is running at http://localhost:1111
2023-11-15 11:00 info: [server]: Server is running at http://localhost:1111
2023-11-15 11:01 info: [server]: Server is running at http://localhost:1111
2023-11-15 11:01 info: [server]: Server is running at http://localhost:1111
2023-11-15 11:01 info: [server]: Server is running at http://localhost:1111
2023-11-15 11:06 info: [server]: Server is running at http://localhost:1111
2023-11-15 11:08 info: [server]: Server is running at http://localhost:1111
2023-11-15 11:11 info: [server]: Server is running at http://localhost:1111
2023-11-15 11:11 info: [server]: Server is running at http://localhost:1111
2023-11-15 11:11 info: [server]: Server is running at http://localhost:1111
2023-11-15 11:11 info: [server]: Server is running at http://localhost:1111
2023-11-15 11:12 info: [server]: Server is running at http://localhost:1111
2023-11-15 11:12 info: [server]: Server is running at http://localhost:1111
2023-11-15 11:16 info: [server]: Server is running at http://localhost:1111
2023-11-15 11:18 info: [server]: Server is running at http://localhost:1111
2023-11-15 11:18 info: [server]: Server is running at http://localhost:1111
2023-11-15 11:18 info: [server]: Server is running at http://localhost:1111
2023-11-15 11:18 info: [server]: Server is running at http://localhost:1111
2023-11-15 11:19 info: [server]: Server is running at http://localhost:1111
2023-11-15 11:19 info: [server]: Server is running at http://localhost:1111
2023-11-15 11:19 info: [server]: Server is running at http://localhost:1111
2023-11-15 11:19 info: [server]: Server is running at http://localhost:1111
2023-11-15 11:19 info: [server]: Server is running at http://localhost:1111
2023-11-15 11:19 info: [server]: Server is running at http://localhost:1111
2023-11-15 11:20 info: [server]: Server is running at http://localhost:1111
2023-11-15 11:25 info: [server]: Server is running at http://localhost:1111
2023-11-15 11:25 info: [server]: Server is running at http://localhost:1111
2023-11-15 11:29 info: [server]: Server is running at http://localhost:1111
2023-11-15 11:29 info: [server]: Server is running at http://localhost:1111
2023-11-15 11:29 info: [server]: Server is running at http://localhost:1111
2023-11-15 11:29 info: [server]: Server is running at http://localhost:1111
2023-11-15 11:29 info: [server]: Server is running at http://localhost:1111
2023-11-15 11:34 info: [server]: Server is running at http://localhost:1111
2023-11-15 11:34 info: [server]: Server is running at http://localhost:1111
2023-11-15 11:34 info: [server]: Server is running at http://localhost:1111
2023-11-15 11:34 info: [server]: Server is running at http://localhost:1111
2023-11-15 11:34 info: [server]: Server is running at http://localhost:1111
2023-11-15 11:35 info: [server]: Server is running at http://localhost:1111
2023-11-15 11:35 info: [server]: Server is running at http://localhost:1111
2023-11-15 11:35 info: [server]: Server is running at http://localhost:1111
2023-11-15 11:38 info: [server]: Server is running at http://localhost:1111
2023-11-15 11:39 info: [server]: Server is running at http://localhost:1111
2023-11-15 11:39 info: [server]: Server is running at http://localhost:1111
2023-11-15 11:39 info: [server]: Server is running at http://localhost:1111
2023-11-15 11:39 info: [server]: Server is running at http://localhost:1111
2023-11-15 11:40 info: [server]: Server is running at http://localhost:1111
2023-11-15 11:40 info: [server]: Server is running at http://localhost:1111
2023-11-15 11:40 info: [server]: Server is running at http://localhost:1111
2023-11-15 11:40 info: [server]: Server is running at http://localhost:1111
2023-11-15 11:40 info: [server]: Server is running at http://localhost:1111
2023-11-15 11:41 info: [server]: Server is running at http://localhost:1111
2023-11-15 11:41 info: [server]: Server is running at http://localhost:1111
2023-11-15 11:41 info: [server]: Server is running at http://localhost:1111
2023-11-15 11:41 info: [server]: Server is running at http://localhost:1111
2023-11-15 11:41 info: [server]: Server is running at http://localhost:1111
2023-11-15 11:41 info: [server]: Server is running at http://localhost:1111
2023-11-16 09:07 info: [server]: Server is running at http://localhost:1111
2023-11-16 09:08 info: {"errno":-4078,"code":"ECONNREFUSED","syscall":"connect","address":"::1","port":3306,"fatal":true}
2023-11-16 09:08 info: {"errno":-4078,"code":"ECONNREFUSED","syscall":"connect","address":"::1","port":3306,"fatal":true}
2023-11-16 09:09 info: {"errno":-4078,"code":"ECONNREFUSED","syscall":"connect","address":"::1","port":3306,"fatal":true}
2023-11-16 09:09 info: {"errno":-4078,"code":"ECONNREFUSED","syscall":"connect","address":"::1","port":3306,"fatal":true}
2023-11-16 09:09 info: {"errno":-4078,"code":"ECONNREFUSED","syscall":"connect","address":"::1","port":3306,"fatal":true}
2023-11-16 09:09 info: {"errno":-4078,"code":"ECONNREFUSED","syscall":"connect","address":"::1","port":3306,"fatal":true}
2023-11-16 09:10 info: {"errno":-4078,"code":"ECONNREFUSED","syscall":"connect","address":"::1","port":3306,"fatal":true}
2023-11-16 09:10 info: {"errno":-4078,"code":"ECONNREFUSED","syscall":"connect","address":"::1","port":3306,"fatal":true}
2023-11-16 09:11 info: [server]: Server is running at http://localhost:1111
2023-11-16 09:11 info: [server]: Server is running at http://localhost:1111
2023-11-16 09:14 info: [server]: Server is running at http://localhost:1111
2023-11-16 09:14 info: [server]: Server is running at http://localhost:1111
2023-11-16 09:14 info: [server]: Server is running at http://localhost:1111
2023-11-16 09:14 info: [server]: Server is running at http://localhost:1111
2023-11-16 09:14 info: [server]: Server is running at http://localhost:1111
2023-11-16 09:14 info: [server]: Server is running at http://localhost:1111
2023-11-16 09:14 info: [server]: Server is running at http://localhost:1111
2023-11-16 09:14 info: [server]: Server is running at http://localhost:1111
2023-11-16 09:14 info: [server]: Server is running at http://localhost:1111
2023-11-16 09:22 info: [server]: Server is running at http://localhost:1111
2023-11-16 09:23 info: [server]: Server is running at http://localhost:1111
2023-11-16 09:23 info: [server]: Server is running at http://localhost:1111
2023-11-16 09:34 info: [server]: Server is running at http://localhost:1111
2023-11-16 09:34 info: [server]: Server is running at http://localhost:1111
2023-11-16 09:46 info: [server]: Server is running at http://localhost:1111
2023-11-16 09:46 info: [server]: Server is running at http://localhost:1111
2023-11-16 09:47 info: [server]: Server is running at http://localhost:1111
2023-11-16 10:30 info: [server]: Server is running at http://localhost:1111
2023-11-16 10:30 info: [server]: Server is running at http://localhost:1111
2023-11-16 10:30 info: [server]: Server is running at http://localhost:1111
2023-11-16 10:30 info: [server]: Server is running at http://localhost:1111
2023-11-16 10:30 info: [server]: Server is running at http://localhost:1111
2023-11-16 10:30 info: [server]: Server is running at http://localhost:1111
2023-11-16 10:31 info: [server]: Server is running at http://localhost:1111
2023-11-16 10:32 info: [server]: Server is running at http://localhost:1111
2023-11-16 10:32 info: [server]: Server is running at http://localhost:1111
2023-11-16 10:32 info: [server]: Server is running at http://localhost:1111
2023-11-16 10:32 info: [server]: Server is running at http://localhost:1111
2023-11-16 10:32 info: [server]: Server is running at http://localhost:1111
2023-11-16 10:32 info: [server]: Server is running at http://localhost:1111
2023-11-16 10:33 info: [server]: Server is running at http://localhost:1111
2023-11-16 10:33 info: [server]: Server is running at http://localhost:1111
2023-11-16 10:33 info: [server]: Server is running at http://localhost:1111
2023-11-16 10:35 info: [server]: Server is running at http://localhost:1111
2023-11-16 10:37 info: [server]: Server is running at http://localhost:1111
2023-11-16 10:38 info: [server]: Server is running at http://localhost:1111
2023-11-16 10:39 info: [server]: Server is running at http://localhost:1111
2023-11-16 10:41 info: [server]: Server is running at http://localhost:1111
2023-11-16 10:43 info: [server]: Server is running at http://localhost:1111
2023-11-16 10:45 info: [server]: Server is running at http://localhost:1111
2023-11-16 10:45 info: [server]: Server is running at http://localhost:1111
2023-11-16 10:53 info: [server]: Server is running at http://localhost:1111
2023-11-16 10:53 info: [server]: Server is running at http://localhost:1111
2023-11-16 10:53 info: [server]: Server is running at http://localhost:1111
2023-11-16 10:53 info: [server]: Server is running at http://localhost:1111
2023-11-16 10:53 info: [server]: Server is running at http://localhost:1111
2023-11-16 19:35 info: [server]: Server is running at http://localhost:1111
2023-11-16 19:41 info: [server]: Server is running at http://localhost:1111
2023-11-16 19:42 info: [server]: Server is running at http://localhost:1111
2023-11-16 19:42 info: [server]: Server is running at http://localhost:1111
2023-11-16 19:47 info: [server]: Server is running at http://localhost:1111
2023-11-16 19:50 info: [server]: Server is running at http://localhost:1111
2023-11-16 19:50 info: [server]: Server is running at http://localhost:1111
2023-11-16 19:50 info: [server]: Server is running at http://localhost:1111
2023-11-16 19:50 info: [server]: Server is running at http://localhost:1111
2023-11-16 19:50 info: [server]: Server is running at http://localhost:1111
2023-11-16 19:50 info: [server]: Server is running at http://localhost:1111
2023-11-16 20:28 info: [server]: Server is running at http://localhost:1111
2023-11-16 20:33 info: [server]: Server is running at http://localhost:1111
2023-11-16 20:33 info: [server]: Server is running at http://localhost:1111
2023-11-16 20:36 info: [server]: Server is running at http://localhost:1111
2023-11-16 20:40 info: [server]: Server is running at http://localhost:1111
2023-11-16 20:42 info: [server]: Server is running at http://localhost:1111
2023-11-16 21:07 info: [server]: Server is running at http://localhost:1111
2023-11-16 21:07 info: [server]: Server is running at http://localhost:1111
2023-11-16 21:07 info: [server]: Server is running at http://localhost:1111
2023-11-16 21:07 info: [server]: Server is running at http://localhost:1111
2023-11-16 21:10 info: [server]: Server is running at http://localhost:1111
2023-11-16 21:11 info: [server]: Server is running at http://localhost:1111
2023-11-16 21:11 info: [server]: Server is running at http://localhost:1111
2023-11-16 21:11 info: [server]: Server is running at http://localhost:1111
2023-11-16 21:11 info: [server]: Server is running at http://localhost:1111
2023-11-16 21:12 info: [server]: Server is running at http://localhost:1111
2023-11-16 21:14 info: [server]: Server is running at http://localhost:1111
2023-11-16 21:27 info: [server]: Server is running at http://localhost:1111
2023-11-16 21:30 info: [server]: Server is running at http://localhost:1111
2023-11-16 21:32 info: [server]: Server is running at http://localhost:1111
2023-11-16 21:32 info: [server]: Server is running at http://localhost:1111
2023-11-16 21:39 info: [server]: Server is running at http://localhost:1111
2023-11-16 21:40 info: [server]: Server is running at http://localhost:1111
2023-11-16 21:40 info: [server]: Server is running at http://localhost:1111
2023-11-16 21:40 info: [server]: Server is running at http://localhost:1111
2023-11-16 21:40 info: [server]: Server is running at http://localhost:1111
2023-11-16 21:44 info: [server]: Server is running at http://localhost:1111
2023-11-16 21:49 info: IP ::1: compte créé avec succès: XyJSRccuiqPzaS1tamGUESNcC222
2023-11-16 21:53 info: [server]: Server is running at http://localhost:1111
2023-11-16 21:53 info: [server]: Server is running at http://localhost:1111
2023-11-16 21:58 info: [server]: Server is running at http://localhost:1111
2023-11-16 22:05 info: [server]: Server is running at http://localhost:1111
2023-11-16 22:05 info: [server]: Server is running at http://localhost:1111
2023-11-16 22:06 info: [server]: Server is running at http://localhost:1111
2023-11-16 22:09 info: [server]: Server is running at http://localhost:1111
2023-11-16 22:09 info: [server]: Server is running at http://localhost:1111
2023-11-16 22:09 info: [server]: Server is running at http://localhost:1111
2023-11-16 22:09 info: [server]: Server is running at http://localhost:1111
2023-11-16 22:09 info: [server]: Server is running at http://localhost:1111
2023-11-16 22:10 info: [server]: Server is running at http://localhost:1111
2023-11-16 22:10 info: [server]: Server is running at http://localhost:1111
2023-11-16 22:10 info: [server]: Server is running at http://localhost:1111
2023-11-16 22:10 info: [server]: Server is running at http://localhost:1111
2023-11-16 22:10 info: [server]: Server is running at http://localhost:1111
2023-11-16 22:10 info: [server]: Server is running at http://localhost:1111
