POST /user/create 500 84 - 301.574 ms
POST /user/create 201 101 - 678.642 ms
GET /get-all-projets/EG4ftWSHZyVN2iXa3RzJ5xhdNg72 200 2 - 6.765 ms
GET /get-all-projets/EG4ftWSHZyVN2iXa3RzJ5xhdNg72 304 - - 3.970 ms
GET /username/EG4ftWSHZyVN2iXa3RzJ5xhdNg72 200 31 - 6.029 ms
GET /username/EG4ftWSHZyVN2iXa3RzJ5xhdNg72 304 - - 3.094 ms
GET /post/feed/-1 200 1905 - 176.352 ms
GET /post/feed/-1 304 - - 76.806 ms
GET /get-all-projets/EG4ftWSHZyVN2iXa3RzJ5xhdNg72 200 2 - 81.258 ms
GET /get-all-projets/EG4ftWSHZyVN2iXa3RzJ5xhdNg72 304 - - 7.959 ms
GET /get-all-projets/EG4ftWSHZyVN2iXa3RzJ5xhdNg72 304 - - 3.915 ms
GET /get-all-projets/EG4ftWSHZyVN2iXa3RzJ5xhdNg72 304 - - 20.845 ms
GET /username/EG4ftWSHZyVN2iXa3RzJ5xhdNg72 200 31 - 9.347 ms
GET /username/EG4ftWSHZyVN2iXa3RzJ5xhdNg72 304 - - 4.205 ms
GET /post/feed/-1 200 1905 - 802.317 ms
GET /post/feed/-1 304 - - 76.583 ms
GET /post/feed/-1 304 - - 102.535 ms
GET /post/feed/-1 304 - - 73.199 ms
GET /username/EG4ftWSHZyVN2iXa3RzJ5xhdNg72 304 - - 4.275 ms
GET /username/EG4ftWSHZyVN2iXa3RzJ5xhdNg72 304 - - 3.679 ms
GET /username/EG4ftWSHZyVN2iXa3RzJ5xhdNg72 304 - - 5.120 ms
GET /username/EG4ftWSHZyVN2iXa3RzJ5xhdNg72 304 - - 4.309 ms
GET /get-all-projets/MuKn2XCdEUac2cenqcylhKocH3R2 200 2 - 3.108 ms
GET /get-all-projets/MuKn2XCdEUac2cenqcylhKocH3R2 304 - - 4.926 ms
GET /get-all-projets/MuKn2XCdEUac2cenqcylhKocH3R2 304 - - 2.804 ms
GET /get-all-projets/MuKn2XCdEUac2cenqcylhKocH3R2 304 - - 3.377 ms
GET /get-all-projets/MuKn2XCdEUac2cenqcylhKocH3R2 304 - - 3.760 ms
GET /get-all-projets/MuKn2XCdEUac2cenqcylhKocH3R2 304 - - 2.647 ms
GET /username/MuKn2XCdEUac2cenqcylhKocH3R2 200 2 - 2.736 ms
GET /username/MuKn2XCdEUac2cenqcylhKocH3R2 304 - - 2.797 ms
GET /username/MuKn2XCdEUac2cenqcylhKocH3R2 304 - - 3.085 ms
GET /username/MuKn2XCdEUac2cenqcylhKocH3R2 304 - - 3.472 ms
GET /username/MuKn2XCdEUac2cenqcylhKocH3R2 304 - - 2.839 ms
GET /username/MuKn2XCdEUac2cenqcylhKocH3R2 304 - - 2.806 ms
GET /post/feed/-1 304 - - 116.584 ms
GET /post/feed/-1 304 - - 88.648 ms
GET /post/feed/-1 304 - - 83.913 ms
GET /post/feed/-1 304 - - 81.028 ms
GET /post/feed/-1 304 - - 80.686 ms
GET /post/feed/-1 304 - - 89.585 ms
GET /get-all-projets/MuKn2XCdEUac2cenqcylhKocH3R2 304 - - 3.631 ms
GET /get-all-projets/MuKn2XCdEUac2cenqcylhKocH3R2 304 - - 4.339 ms
GET /post/feed/-1 304 - - 122.587 ms
GET /post/feed/-1 304 - - 84.120 ms
GET /get-all-projets/MuKn2XCdEUac2cenqcylhKocH3R2 304 - - 2.522 ms
GET /get-all-projets/MuKn2XCdEUac2cenqcylhKocH3R2 304 - - 2.996 ms
GET /username/MuKn2XCdEUac2cenqcylhKocH3R2 304 - - 3.422 ms
GET /username/MuKn2XCdEUac2cenqcylhKocH3R2 304 - - 3.614 ms
GET /post/feed/-1 304 - - 74.387 ms
GET /post/feed/-1 304 - - 72.678 ms
GET /get-all-projets/MuKn2XCdEUac2cenqcylhKocH3R2 304 - - 3.078 ms
GET /get-all-projets/MuKn2XCdEUac2cenqcylhKocH3R2 304 - - 2.004 ms
GET /post/feed/-1 304 - - 101.936 ms
GET /post/feed/-1 304 - - 67.483 ms
GET /get-all-projets/MuKn2XCdEUac2cenqcylhKocH3R2 304 - - 3.580 ms
GET /get-all-projets/MuKn2XCdEUac2cenqcylhKocH3R2 304 - - 2.469 ms
GET /post/feed/-1 304 - - 114.118 ms
GET /post/feed/-1 304 - - 82.213 ms
GET /get-all-projets/MuKn2XCdEUac2cenqcylhKocH3R2 304 - - 2.527 ms
GET /get-all-projets/MuKn2XCdEUac2cenqcylhKocH3R2 304 - - 2.955 ms
GET /username/MuKn2XCdEUac2cenqcylhKocH3R2 304 - - 3.513 ms
GET /username/MuKn2XCdEUac2cenqcylhKocH3R2 304 - - 3.332 ms
GET /post/feed/-1 304 - - 121.800 ms
GET /post/feed/-1 304 - - 80.668 ms
GET /username/MuKn2XCdEUac2cenqcylhKocH3R2 304 - - 3.372 ms
GET /username/MuKn2XCdEUac2cenqcylhKocH3R2 304 - - 2.735 ms
GET /get-all-projets/MuKn2XCdEUac2cenqcylhKocH3R2 200 2 - 3.489 ms
GET /get-all-projets/MuKn2XCdEUac2cenqcylhKocH3R2 304 - - 2.781 ms
GET /get-all-projets/MuKn2XCdEUac2cenqcylhKocH3R2 304 - - 4.421 ms
GET /get-all-projets/MuKn2XCdEUac2cenqcylhKocH3R2 304 - - 2.815 ms
GET /username/MuKn2XCdEUac2cenqcylhKocH3R2 200 2 - 8.355 ms
GET /username/MuKn2XCdEUac2cenqcylhKocH3R2 304 - - 3.470 ms
GET /post/feed/-1 200 1905 - 143.875 ms
GET /post/feed/-1 304 - - 74.297 ms
GET /post/feed/-1 304 - - 69.738 ms
GET /post/feed/-1 304 - - 68.293 ms
GET /get-all-projets/MuKn2XCdEUac2cenqcylhKocH3R2 304 - - 2.820 ms
GET /get-all-projets/MuKn2XCdEUac2cenqcylhKocH3R2 304 - - 2.824 ms
GET /post/feed/-1 304 - - 124.697 ms
GET /post/feed/-1 304 - - 60.591 ms
GET /get-all-projets/MuKn2XCdEUac2cenqcylhKocH3R2 304 - - 2.558 ms
GET /get-all-projets/MuKn2XCdEUac2cenqcylhKocH3R2 304 - - 2.136 ms
GET /post/feed/-1 304 - - 106.367 ms
GET /post/feed/-1 304 - - 75.196 ms
GET /get-all-projets/EG4ftWSHZyVN2iXa3RzJ5xhdNg72 200 2 - 3.423 ms
GET /get-all-projets/EG4ftWSHZyVN2iXa3RzJ5xhdNg72 304 - - 2.375 ms
GET /get-all-projets/EG4ftWSHZyVN2iXa3RzJ5xhdNg72 304 - - 2.919 ms
GET /get-all-projets/EG4ftWSHZyVN2iXa3RzJ5xhdNg72 304 - - 2.517 ms
GET /get-all-projets/EG4ftWSHZyVN2iXa3RzJ5xhdNg72 304 - - 2.157 ms
GET /get-all-projets/EG4ftWSHZyVN2iXa3RzJ5xhdNg72 304 - - 2.440 ms
GET /username/EG4ftWSHZyVN2iXa3RzJ5xhdNg72 200 31 - 4.743 ms
GET /username/EG4ftWSHZyVN2iXa3RzJ5xhdNg72 304 - - 3.109 ms
GET /post/feed/-1 200 1905 - 120.323 ms
GET /post/feed/-1 304 - - 84.937 ms
GET /post/feed/-1 304 - - 106.553 ms
GET /post/feed/-1 304 - - 80.403 ms
GET /post/feed/-1 304 - - 73.943 ms
GET /post/feed/-1 304 - - 81.777 ms
GET /username/EG4ftWSHZyVN2iXa3RzJ5xhdNg72 200 31 - 43.443 ms
GET /get-all-projets/EG4ftWSHZyVN2iXa3RzJ5xhdNg72 200 2 - 67.615 ms
GET /post/feed/-1 200 1905 - 589.250 ms
GET /get-all-projets/EG4ftWSHZyVN2iXa3RzJ5xhdNg72 200 2 - 3.087 ms
GET /get-all-projets/EG4ftWSHZyVN2iXa3RzJ5xhdNg72 304 - - 2.821 ms
GET /username/EG4ftWSHZyVN2iXa3RzJ5xhdNg72 200 31 - 6.625 ms
GET /username/EG4ftWSHZyVN2iXa3RzJ5xhdNg72 304 - - 2.365 ms
GET /post/feed/-1 200 1905 - 131.266 ms
GET /post/feed/-1 304 - - 94.838 ms
GET /get-all-projets/EG4ftWSHZyVN2iXa3RzJ5xhdNg72 304 - - 8.047 ms
GET /get-all-projets/EG4ftWSHZyVN2iXa3RzJ5xhdNg72 304 - - 3.845 ms
GET /post/feed/-1 304 - - 128.398 ms
GET /post/feed/-1 304 - - 78.185 ms
GET /get-all-projets/EG4ftWSHZyVN2iXa3RzJ5xhdNg72 304 - - 2.990 ms
GET /get-all-projets/EG4ftWSHZyVN2iXa3RzJ5xhdNg72 304 - - 2.650 ms
GET /username/EG4ftWSHZyVN2iXa3RzJ5xhdNg72 304 - - 4.227 ms
GET /username/EG4ftWSHZyVN2iXa3RzJ5xhdNg72 304 - - 4.168 ms
GET /post/feed/-1 304 - - 99.549 ms
GET /post/feed/-1 304 - - 73.487 ms
GET /username/EG4ftWSHZyVN2iXa3RzJ5xhdNg72 304 - - 4.189 ms
GET /username/EG4ftWSHZyVN2iXa3RzJ5xhdNg72 304 - - 3.308 ms
GET /username/EG4ftWSHZyVN2iXa3RzJ5xhdNg72 304 - - 3.916 ms
GET /username/EG4ftWSHZyVN2iXa3RzJ5xhdNg72 304 - - 3.704 ms
GET /username/EG4ftWSHZyVN2iXa3RzJ5xhdNg72 304 - - 3.966 ms
GET /username/EG4ftWSHZyVN2iXa3RzJ5xhdNg72 304 - - 3.974 ms
GET /username/EG4ftWSHZyVN2iXa3RzJ5xhdNg72 304 - - 4.088 ms
GET /username/EG4ftWSHZyVN2iXa3RzJ5xhdNg72 304 - - 3.908 ms
GET /username/EG4ftWSHZyVN2iXa3RzJ5xhdNg72 304 - - 3.980 ms
GET /username/EG4ftWSHZyVN2iXa3RzJ5xhdNg72 304 - - 2.705 ms
GET /username/EG4ftWSHZyVN2iXa3RzJ5xhdNg72 304 - - 3.538 ms
GET /username/EG4ftWSHZyVN2iXa3RzJ5xhdNg72 304 - - 5.117 ms
GET /username/EG4ftWSHZyVN2iXa3RzJ5xhdNg72 304 - - 3.062 ms
GET /username/EG4ftWSHZyVN2iXa3RzJ5xhdNg72 304 - - 2.791 ms
GET /get-all-projets/EG4ftWSHZyVN2iXa3RzJ5xhdNg72 304 - - 3.872 ms
GET /get-all-projets/EG4ftWSHZyVN2iXa3RzJ5xhdNg72 304 - - 3.743 ms
GET /post/feed/-1 304 - - 149.986 ms
GET /post/feed/-1 304 - - 79.939 ms
GET /get-all-projets/EG4ftWSHZyVN2iXa3RzJ5xhdNg72 200 2 - 3.663 ms
GET /get-all-projets/EG4ftWSHZyVN2iXa3RzJ5xhdNg72 304 - - 3.611 ms
GET /get-all-projets/EG4ftWSHZyVN2iXa3RzJ5xhdNg72 304 - - 2.759 ms
GET /get-all-projets/EG4ftWSHZyVN2iXa3RzJ5xhdNg72 304 - - 2.801 ms
GET /username/EG4ftWSHZyVN2iXa3RzJ5xhdNg72 200 31 - 3.723 ms
GET /username/EG4ftWSHZyVN2iXa3RzJ5xhdNg72 304 - - 3.689 ms
GET /post/feed/-1 200 1905 - 126.803 ms
GET /post/feed/-1 304 - - 90.219 ms
GET /post/feed/-1 304 - - 78.580 ms
GET /post/feed/-1 304 - - 93.537 ms
GET /get-all-projets/EG4ftWSHZyVN2iXa3RzJ5xhdNg72 304 - - 3.726 ms
GET /get-all-projets/EG4ftWSHZyVN2iXa3RzJ5xhdNg72 304 - - 4.111 ms
GET /post/feed/-1 304 - - 129.773 ms
GET /post/feed/-1 304 - - 65.820 ms
GET /username/EG4ftWSHZyVN2iXa3RzJ5xhdNg72 304 - - 3.618 ms
GET /username/EG4ftWSHZyVN2iXa3RzJ5xhdNg72 304 - - 4.611 ms
GET /username/EG4ftWSHZyVN2iXa3RzJ5xhdNg72 304 - - 3.135 ms
GET /username/EG4ftWSHZyVN2iXa3RzJ5xhdNg72 304 - - 3.103 ms
GET /get-all-projets/EG4ftWSHZyVN2iXa3RzJ5xhdNg72 304 - - 3.553 ms
GET /get-all-projets/EG4ftWSHZyVN2iXa3RzJ5xhdNg72 304 - - 4.579 ms
GET /post/feed/-1 304 - - 134.980 ms
GET /post/feed/-1 304 - - 76.983 ms
GET /username/EG4ftWSHZyVN2iXa3RzJ5xhdNg72 304 - - 3.123 ms
GET /username/EG4ftWSHZyVN2iXa3RzJ5xhdNg72 304 - - 3.387 ms
GET /get-all-projets/EG4ftWSHZyVN2iXa3RzJ5xhdNg72 200 2 - 2.716 ms
GET /get-all-projets/EG4ftWSHZyVN2iXa3RzJ5xhdNg72 304 - - 2.531 ms
GET /get-all-projets/EG4ftWSHZyVN2iXa3RzJ5xhdNg72 304 - - 2.394 ms
GET /get-all-projets/EG4ftWSHZyVN2iXa3RzJ5xhdNg72 304 - - 2.811 ms
GET /username/EG4ftWSHZyVN2iXa3RzJ5xhdNg72 200 31 - 11.438 ms
GET /username/EG4ftWSHZyVN2iXa3RzJ5xhdNg72 304 - - 3.896 ms
GET /post/feed/-1 200 1905 - 123.192 ms
GET /post/feed/-1 304 - - 97.175 ms
GET /post/feed/-1 304 - - 77.566 ms
GET /post/feed/-1 304 - - 81.779 ms
GET /get-all-projets/EG4ftWSHZyVN2iXa3RzJ5xhdNg72 304 - - 3.269 ms
GET /get-all-projets/EG4ftWSHZyVN2iXa3RzJ5xhdNg72 304 - - 4.090 ms
GET /post/feed/-1 304 - - 106.188 ms
GET /post/feed/-1 304 - - 85.543 ms
GET /username/EG4ftWSHZyVN2iXa3RzJ5xhdNg72 304 - - 2.981 ms
GET /username/EG4ftWSHZyVN2iXa3RzJ5xhdNg72 304 - - 3.055 ms
GET /get-all-projets/EG4ftWSHZyVN2iXa3RzJ5xhdNg72 304 - - 4.055 ms
GET /get-all-projets/EG4ftWSHZyVN2iXa3RzJ5xhdNg72 304 - - 3.044 ms
GET /post/feed/-1 304 - - 102.167 ms
GET /post/feed/-1 304 - - 60.049 ms
